X:\Libraries\ScriptHelperLibraries\Scripts\SysLibs\APILibrary.js
X:\Libraries\ScriptHelperLibraries\Scripts\SysLibs\APILibrary.js.map
X:\Libraries\ScriptHelperLibraries\Scripts\SysLibs\APILibrary.d.ts
X:\Libraries\ScriptHelperLibraries\Scripts\SysLibs\DateTime.js
X:\Libraries\ScriptHelperLibraries\Scripts\SysLibs\DateTime.js.map
X:\Libraries\ScriptHelperLibraries\Scripts\SysLibs\DateTime.d.ts
X:\Libraries\ScriptHelperLibraries\Scripts\SysLibs\Debug.js
X:\Libraries\ScriptHelperLibraries\Scripts\SysLibs\Debug.js.map
X:\Libraries\ScriptHelperLibraries\Scripts\SysLibs\Debug.d.ts
X:\Libraries\ScriptHelperLibraries\Scripts\SysLibs\Dialog.js
X:\Libraries\ScriptHelperLibraries\Scripts\SysLibs\Dialog.js.map
X:\Libraries\ScriptHelperLibraries\Scripts\SysLibs\Dialog.d.ts
X:\Libraries\ScriptHelperLibraries\Scripts\SysLibs\DynamicGrid.js
X:\Libraries\ScriptHelperLibraries\Scripts\SysLibs\DynamicGrid.js.map
X:\Libraries\ScriptHelperLibraries\Scripts\SysLibs\DynamicGrid.d.ts
X:\Libraries\ScriptHelperLibraries\Scripts\SysLibs\EventHandler.js
X:\Libraries\ScriptHelperLibraries\Scripts\SysLibs\EventHandler.js.map
X:\Libraries\ScriptHelperLibraries\Scripts\SysLibs\EventHandler.d.ts
X:\Libraries\ScriptHelperLibraries\Scripts\SysLibs\Extensions.js
X:\Libraries\ScriptHelperLibraries\Scripts\SysLibs\Extensions.js.map
X:\Libraries\ScriptHelperLibraries\Scripts\SysLibs\Extensions.d.ts
X:\Libraries\ScriptHelperLibraries\Scripts\SysLibs\HtmlHelpers.js
X:\Libraries\ScriptHelperLibraries\Scripts\SysLibs\HtmlHelpers.js.map
X:\Libraries\ScriptHelperLibraries\Scripts\SysLibs\HtmlHelpers.d.ts
X:\Libraries\ScriptHelperLibraries\Scripts\SysLibs\JqueryEx.js
X:\Libraries\ScriptHelperLibraries\Scripts\SysLibs\JqueryEx.js.map
X:\Libraries\ScriptHelperLibraries\Scripts\SysLibs\JqueryEx.d.ts
X:\Libraries\ScriptHelperLibraries\Scripts\SysLibs\LinqToJs.js
X:\Libraries\ScriptHelperLibraries\Scripts\SysLibs\LinqToJs.js.map
X:\Libraries\ScriptHelperLibraries\Scripts\SysLibs\LinqToJs.d.ts
X:\Libraries\ScriptHelperLibraries\Scripts\SysLibs\Lock.js
X:\Libraries\ScriptHelperLibraries\Scripts\SysLibs\Lock.js.map
X:\Libraries\ScriptHelperLibraries\Scripts\SysLibs\Lock.d.ts
X:\Libraries\ScriptHelperLibraries\Scripts\SysLibs\Notifications.js
X:\Libraries\ScriptHelperLibraries\Scripts\SysLibs\Notifications.js.map
X:\Libraries\ScriptHelperLibraries\Scripts\SysLibs\Notifications.d.ts
X:\Libraries\ScriptHelperLibraries\Scripts\SysLibs\script.js
X:\Libraries\ScriptHelperLibraries\Scripts\SysLibs\script.js.map
X:\Libraries\ScriptHelperLibraries\Scripts\SysLibs\script.d.ts
X:\Libraries\ScriptHelperLibraries\Scripts\SysLibs\SiteInfo.js
X:\Libraries\ScriptHelperLibraries\Scripts\SysLibs\SiteInfo.js.map
X:\Libraries\ScriptHelperLibraries\Scripts\SysLibs\SiteInfo.d.ts
X:\Libraries\ScriptHelperLibraries\Scripts\SysLibs\System-Migrate.js
X:\Libraries\ScriptHelperLibraries\Scripts\SysLibs\System-Migrate.js.map
X:\Libraries\ScriptHelperLibraries\Scripts\SysLibs\System-Migrate.d.ts
X:\Libraries\ScriptHelperLibraries\Scripts\SysLibs\Tasks.js
X:\Libraries\ScriptHelperLibraries\Scripts\SysLibs\Tasks.js.map
X:\Libraries\ScriptHelperLibraries\Scripts\SysLibs\Tasks.d.ts
X:\Libraries\ScriptHelperLibraries\app.js
X:\Libraries\ScriptHelperLibraries\app.js.map
X:\Libraries\ScriptHelperLibraries\app.d.ts
